positions: instr line
events: cpu(ms)

ob=
fl=(1) /Users/zuojun/Go/algorithm/go-base/pprof/pprof1.go
fn=(1) main.bubbleSort
0x10a5910 37 2430
+30 40 2280
-4 40 1940
-10 39 1830
-13 37 1020
+4 37 870
+14 39 730

ob=
fl=(2) /usr/local/opt/go/libexec/src/runtime/preempt_amd64.s
fn=(2) runtime.asyncPreempt
-292325 7 690

ob=
fl=(1)
fn=(1)
+292339 40 640
-23 39 550

ob=
fl=(3) /usr/local/opt/go/libexec/src/runtime/sys_libc.go
fn=(3) runtime.libcCall
-359958 48 10

ob=
fl=(4) /usr/local/opt/go/libexec/src/runtime/memmove_amd64.s
fn=(4) runtime.memmove
+66998 375 10

ob=
fl=(5) /usr/local/opt/go/libexec/src/runtime/netpoll_kqueue.go
fn=(5) runtime.netpoll
-199633 127 0
cfl=(6) /usr/local/opt/go/libexec/src/runtime/sys_darwin.go
cfn=(6) runtime.kevent
calls=0 -67945 399
* * 10

ob=
fl=(7) /usr/local/opt/go/libexec/src/runtime/proc.go
fn=(7) runtime.main
+22886 250 0
cfl=(1)
cfn=(8) main.main
calls=0 +492581 19
* * 2430
cfl=(1)
cfn=(8)
calls=0 +492611 19
* * 2280
cfl=(1)
cfn=(8)
calls=0 +492607 19
* * 1940
cfl=(1)
cfn=(8)
calls=0 +492597 19
* * 1830
cfl=(1)
cfn=(8)
calls=0 +492584 19
* * 1020
cfl=(1)
cfn=(8)
calls=0 +492588 19
* * 870
cfl=(1)
cfn=(8)
calls=0 +492602 19
* * 730
cfl=(1)
cfn=(8)
calls=0 +492616 19
* * 640
cfl=(1)
cfn=(8)
calls=0 +492593 19
* * 550
cfl=(1)
cfn=(8)
calls=0 +492610 19
* * 130
cfl=(1)
cfn=(8)
calls=0 +492596 19
* * 110
cfl=(1)
cfn=(8)
calls=0 +492606 19
* * 110
cfl=(1)
cfn=(8)
calls=0 +492580 19
* * 100
cfl=(1)
cfn=(8)
calls=0 +492583 19
* * 90
cfl=(1)
cfn=(8)
calls=0 +492615 19
* * 60
cfl=(1)
cfn=(8)
calls=0 +492587 19
* * 40
cfl=(1)
cfn=(8)
calls=0 +492601 19
* * 40
cfl=(1)
cfn=(8)
calls=0 +492526 18
* * 10
cfl=(1)
cfn=(8)
calls=0 +492592 19
* * 10

ob=
fl=(7)
fn=(9) runtime.findrunnable
+21313 2767 0
cfl=(5)
cfn=(5)
calls=0 -22886 127
* * 10

ob=
fl=(7)
fn=(10) runtime.schedule
+4614 3187 0
cfl=(7)
cfn=(9)
calls=0 * 2767
* * 10

ob=
fl=(7)
fn=(11) runtime.park_m
+1364 3336 0
cfl=(7)
cfn=(10)
calls=0 * 3187
* * 10

ob=
fl=(8) /usr/local/opt/go/libexec/src/runtime/slice.go
fn=(12) runtime.growslice
+51719 285 0
cfl=(4)
cfn=(4)
calls=0 +149456 375
* * 10

ob=
fl=(6)
fn=(6)
+29792 399 0
cfl=(3)
cfn=(3)
calls=0 +30739 48
* * 10

ob=
fl=(9) /usr/local/opt/go/libexec/src/runtime/asm_amd64.s
fn=(13) runtime.mcall
+54703 425 0
cfl=(7)
cfn=(11)
calls=0 -81511 3336
* * 10

ob=
fl=(1)
fn=(8)
+306135 18 0
cfl=(1)
cfn=(14) main.generate
calls=0 +306662 29
* * 10

ob=
fl=(1)
fn=(1)
+54 37 0
cfl=(2)
cfn=(2)
calls=0 -292249 7
* * 100

ob=
fl=(1)
fn=(8)
* 19 0
cfl=(1)
cfn=(1)
calls=0 * 37
* * 100
+1 19 0
cfl=(1)
cfn=(1)
calls=0 +1 37
* * 2430

ob=
fl=(1)
fn=(1)
+2 37 0
cfl=(2)
cfn=(2)
calls=0 -292304 7
* * 90

ob=
fl=(1)
fn=(8)
* 19 0
cfl=(1)
cfn=(1)
calls=0 * 37
* * 90
+1 19 0
cfl=(1)
cfn=(1)
calls=0 +1 37
* * 1020

ob=
fl=(1)
fn=(1)
+3 37 0
cfl=(2)
cfn=(2)
calls=0 -292307 7
* * 40

ob=
fl=(1)
fn=(8)
* 19 0
cfl=(1)
cfn=(1)
calls=0 * 37
* * 40
+1 19 0
cfl=(1)
cfn=(1)
calls=0 +1 37
* * 870

ob=
fl=(1)
fn=(1)
+4 37 0
cfl=(2)
cfn=(2)
calls=0 -292311 7
* * 10

ob=
fl=(1)
fn=(8)
* 19 0
cfl=(1)
cfn=(1)
calls=0 * 37
* * 10
+1 19 0
cfl=(1)
cfn=(1)
calls=0 +1 39
* * 550

ob=
fl=(1)
fn=(1)
+3 39 0
cfl=(2)
cfn=(2)
calls=0 -292316 7
* * 110

ob=
fl=(1)
fn=(8)
* 19 0
cfl=(1)
cfn=(1)
calls=0 * 39
* * 110
+1 19 0
cfl=(1)
cfn=(1)
calls=0 +1 39
* * 1830

ob=
fl=(1)
fn=(1)
+4 39 0
cfl=(2)
cfn=(2)
calls=0 -292320 7
* * 40

ob=
fl=(1)
fn=(8)
* 19 0
cfl=(1)
cfn=(1)
calls=0 * 39
* * 40
+1 19 0
cfl=(1)
cfn=(1)
calls=0 +1 39
* * 730

ob=
fl=(1)
fn=(1)
+4 39 0
cfl=(2)
cfn=(2)
calls=0 -292325 7
* * 110

ob=
fl=(1)
fn=(8)
* 19 0
cfl=(1)
cfn=(1)
calls=0 * 39
* * 110
+1 19 0
cfl=(1)
cfn=(1)
calls=0 +1 40
* * 1940

ob=
fl=(1)
fn=(1)
+3 40 0
cfl=(2)
cfn=(2)
calls=0 -292330 7
* * 130

ob=
fl=(1)
fn=(8)
* 19 0
cfl=(1)
cfn=(1)
calls=0 * 40
* * 130
+1 19 0
cfl=(1)
cfn=(1)
calls=0 +1 40
* * 2280

ob=
fl=(1)
fn=(1)
+4 40 0
cfl=(2)
cfn=(2)
calls=0 -292334 7
* * 60

ob=
fl=(1)
fn=(8)
* 19 0
cfl=(1)
cfn=(1)
calls=0 * 40
* * 60
+1 19 0
cfl=(1)
cfn=(1)
calls=0 +1 40
* * 640

ob=
fl=(1)
fn=(14)
+437 29 0
cfl=(8)
cfn=(12)
calls=0 -390720 285
* * 10
